<?xml version="1.0" encoding="UTF-8"?>
<!-- Generated by org.testng.reporters.JUnitReportReporter -->
<testsuite hostname="DESKTOP-7HLHO1F" failures="0" tests="1" name="qaclickacademy.Mavenjava.AppTest" time="0.006" errors="0" timestamp="2021-11-20T12:51:39 IST" skipped="0">
  <testcase classname="qaclickacademy.Mavenjava.AppTest" name="shouldAnswerWithTrue" time="0.006"/>
  <system-out/>
</testsuite> <!-- qaclickacademy.Mavenjava.AppTest -->
