<?xml version="1.0" encoding="UTF-8"?>
<!-- Generated by org.testng.reporters.JUnitReportReporter -->
<testsuite hostname="DESKTOP-7HLHO1F" failures="0" tests="1" name="qaclickacademy.Mavenjava.AppiumTest" time="0.001" errors="0" timestamp="2021-11-20T12:50:14 IST" skipped="0">
  <testcase classname="qaclickacademy.Mavenjava.AppiumTest" name="abc" time="0.001"/>
  <system-out/>
</testsuite> <!-- qaclickacademy.Mavenjava.AppiumTest -->
